[2025-07-15 13:12:18] [INFO] Lane3000 payment started - Amount: 25, Order ID: 1247, Kasse: 2, Session: he388a4heq1uk5jsddgtnkfetu
[2025-07-15 13:12:18] [INFO] Transaction type: purchase, Amount in cents: 2500
[2025-07-15 13:12:18] [INFO] Terminal ID retrieved: 57002581
[2025-07-15 13:12:18] [INFO] Print file URL: https://ssl12.saldi.dk/pblm/temp/test_10/receipt_2.txt
[2025-07-15 13:12:19] [CLIENT-INFO] [Order: 1247] Page loaded, starting payment process
[2025-07-15 13:12:19] [CLIENT-INFO] [Order: 1247] Payment process started
[2025-07-15 13:12:19] [CLIENT-INFO] [Order: 1247] Starting API key request
[2025-07-15 13:12:19] [CLIENT-ERROR] [Order: 1247] API key request failed - Status: 401, Error: Authentication failed
[2025-07-15 13:12:19] [CLIENT-INFO] [Order: 1247] API key request response - Status: 401, Data: {"error":"Authentication failed"}
[2025-07-15 13:12:19] [CLIENT-ERROR] [Order: 1247] Payment failed: Authentication failed
[2025-07-15 13:12:19] [CLIENT-ERROR] [Order: 1247] Failed to get API key, stopping process
[2025-07-15 13:12:22] [CLIENT-INFO] [Order: 1247] User clicked failed/back button
[2025-07-15 13:14:19] [INFO] Lane3000 payment started - Amount: 25, Order ID: 1247, Kasse: 2, Session: he388a4heq1uk5jsddgtnkfetu
[2025-07-15 13:14:19] [INFO] Transaction type: purchase, Amount in cents: 2500
[2025-07-15 13:14:19] [INFO] Terminal ID retrieved: 57002581
[2025-07-15 13:14:19] [INFO] Print file URL: https://ssl12.saldi.dk/pblm/temp/test_10/receipt_2.txt
[2025-07-15 13:14:20] [CLIENT-INFO] [Order: 1247] Page loaded, starting payment process
[2025-07-15 13:14:20] [CLIENT-INFO] [Order: 1247] Payment process started
[2025-07-15 13:14:20] [CLIENT-INFO] [Order: 1247] Starting API key request
[2025-07-15 13:14:20] [CLIENT-INFO] [Order: 1247] API key retrieved successfully
[2025-07-15 13:14:20] [CLIENT-INFO] [Order: 1247] Starting payment on terminal - Amount: 2500
[2025-07-15 13:14:20] [CLIENT-INFO] [Order: 1247] API key request response - Status: 200, Data: {"token":"eyJhbGciOiJIUzI1NiIsInR5cCI6IkpXVCJ9.eyJ1c2VybmFtZSI6InRlc3QxX3NhbGRpIiwiaWQiOiJ6c0VPR09tZm5mVUZpZHlOX2lrazgiLCJpYXQiOjE3NTI1NzgwNjAsImV4cCI6MTc1MjY2NDQ2MH0.NGukCfhKzBLEO67vAObwUKjE2rl3kB5FFWskFcQZ2C8","username":"test1_saldi","terminals":["57002581"]}
[2025-07-15 13:14:26] [CLIENT-INFO] [Order: 1247] Payment response - Status: 400, Data: {"failure":{"error":"PSP / perform end-of-day reconciliation","transactionId":null,"retrievalReferenceNumber":null,"cardNumber":null,"cardType":null,"timeStamp":null,"merchantReceipt":"","customerReceipt":"Term: 57002581-5700258\r\n2025-07-15 13:14\r\n\r\nDankort \r\nContactless\r\n************5714-0\r\nAID: A0000001214711\r\nATC: 00227\r\nTVR: 0000000000\r\nSted: 0007471\r\nRef.: 929945 KC1\r\nResp.: 87\r\nPeriode: 480\r\n\r\nKØB\r\nDKK                25,00\r\nAFVIST\r\n\r\nFEJL\r\nLAV EN\r\nAFSTEMNING\r\n\r\n\r\n\f","storeboxToken":{},"transactionType":null,"preAuthorizationInfo":null,"orderId":null,"localModeEventArgs":{"resultData":"D!050457199******5714;20250715131425;2;480;929945;;00000002500;05;1:0:87;;;57002581;5700258;Dankort;87;KC1;A0000001214711;0000000000;;00227;;0000000000;12345678;;;Undefined;;;0;8844D2OXN4GVEJD7G1YZYZOOVAWWL;01","result":"2","accumulator":"0","issuerID":"50","truncatedPAN":"457199******5714","timeStamp":"20250715131425","cvm":"2","sessionNumber":"480","stanAuth":"929945","totalAmount":2500,"rejectionSource":"05","rejectionReason":"1:0:87","tipAmount":0,"surchargeAmount":0,"terminalID":"57002581","siteID":"5700258","cardIssuerName":"Dankort","responseCode":"87","tcc":"KC1","aid":"A0000001214711","tvr":"0000000000","tsi":"","atc":"00227","aed":"","iac":"0000000000","organisationNumber":"12345678","bankAgent":"","encryptedPAN":"","accountType":"Undefined","optionalData":"","xzCounter":"","transactionType":"0","paymentAccountReference":"8844D2OXN4GVEJD7G1YZYZOOVAWWL","productType":"01","Result":"2","ResultData":"D!050457199******5714;20250715131425;2;480;929945;;00000002500;05;1:0:87;;;57002581;5700258;Dankort;87;KC1;A0000001214711;0000000000;;00227;;0000000000;12345678;;;Undefined;;;0;8844D2OXN4GVEJD7G1YZYZOOVAWWL;01","Accumulator":"0","IssuerID":"50","TruncatedPAN":"457199******5714","TimeStamp":"20250715131425","CVM":"2","SessionNumber":"480","StanAuth":"929945","TotalAmount":2500,"RejectionSource":"05","RejectionReason":"1:0:87","TipAmount":0,"SurchargeAmount":0,"TerminalID":"57002581","SiteID":"5700258","CardIssuerName":"Dankort","ResponseCode":"87","TCC":"KC1","AID":"A0000001214711","TVR":"0000000000","TSI":"","ATC":"00227","AED":"","IAC":"0000000000","OrganisationNumber":"12345678","BankAgent":"","EncryptedPAN":"","AccountType":"Undefined","OptionalData":"","XZCounter":"","TransactionType":"0","PaymentAccountReference":"8844D2OXN4GVEJD7G1YZYZOOVAWWL","ProductType":"01"}}}
[2025-07-15 13:14:26] [CLIENT-ERROR] [Order: 1247] Payment failed - Status: 400, Error: PSP / perform end-of-day reconciliation
[2025-07-15 13:14:26] [CLIENT-ERROR] [Order: 1247] Payment process completed with error
[2025-07-15 13:14:26] [CLIENT-ERROR] [Order: 1247] Payment failed: PSP / perform end-of-day reconciliation
[2025-07-15 13:14:28] [CLIENT-INFO] [Order: 1247] User clicked failed/back button
